
2023-10-17 11:00:48,028 - root - INFO - Iniciando emissao da nota de Levy Santiago
2023-10-17 11:02:19,254 - root - INFO - Finalizando emissao da nota de Levy Santiago
2023-10-17 11:02:19,255 - root - INFO - Iniciando lancamento de Levy Santiago
2023-10-17 11:03:55,801 - root - INFO - Finalizando lancamento de Levy Santiago

2023-10-17 16:53:49,027 - root - INFO - Iniciando emissao da nota de Regio Lopes
2023-10-17 16:55:05,579 - root - INFO - Finalizando emissao da nota de Regio Lopes
2023-10-17 16:55:05,579 - root - INFO - Iniciando lancamento de Regio Lopes
2023-10-17 16:57:05,579 - root - INFO - Finalizando lancamento de Regio Lopes
2023-11-17 10:02:25,704 - root - INFO - Iniciando emissao da nota de Guilherme Rabelo
2023-11-17 10:07:27,811 - root - INFO - Iniciando emissao da nota de Guilherme Rabelo
2023-11-17 10:08:30,639 - root - INFO - Iniciando emissao da nota de Guilherme Rabelo
2023-11-17 10:09:16,425 - root - INFO - Iniciando emissao da nota de Guilherme Rabelo
2023-11-17 10:28:21,902 - root - INFO - Iniciando emissao da nota de Guilherme Rabelo
2023-11-17 10:30:26,683 - root - INFO - Iniciando emissao da nota de Guilherme Rabelo
2023-11-17 10:33:30,034 - root - INFO - Iniciando emissao da nota de Guilherme Rabelo
2023-11-17 10:34:47,958 - root - INFO - Iniciando emissao da nota de Guilherme Rabelo
2023-11-17 10:36:51,682 - root - INFO - Iniciando emissao da nota de Guilherme Rabelo
2023-11-17 10:38:54,119 - root - INFO - Iniciando emissao da nota de Guilherme Rabelo
2023-11-17 10:40:08,853 - root - INFO - Finalizando emissao da nota de Guilherme Rabelo
2023-11-17 10:40:08,853 - root - INFO - Iniciando lancamento de Guilherme Rabelo
2023-11-17 10:42:41,771 - root - INFO - Iniciando lancamento de Guilherme Rabelo
2023-11-17 10:45:40,724 - root - INFO - Iniciando lancamento de Guilherme Rabelo
2023-11-17 10:47:08,785 - root - INFO - Iniciando lancamento de Guilherme Rabelo
2023-11-17 10:49:13,258 - root - INFO - Iniciando lancamento de Guilherme Rabelo
2023-11-17 10:49:40,592 - root - INFO - Iniciando emissao da nota de Anderson Garcia
2023-11-17 10:52:08,472 - root - INFO - Finalizando emissao da nota de Anderson Garcia
2023-11-17 10:52:08,472 - root - INFO - Iniciando lancamento de Anderson Garcia
2023-11-17 10:53:41,896 - root - INFO - Finalizando lancamento de Anderson Garcia
2023-11-17 10:53:41,896 - root - INFO - Iniciando emissao da nota de Régio Lopes
2023-11-17 10:54:54,707 - root - INFO - Finalizando emissao da nota de Régio Lopes
2023-11-17 10:54:54,707 - root - INFO - Iniciando lancamento de Régio Lopes
2023-11-17 10:56:28,522 - root - INFO - Finalizando lancamento de Régio Lopes
2023-11-17 10:56:28,522 - root - INFO - Fim da automacao
2023-12-08 13:21:41,024 - root - INFO - Iniciando emissao da nota de Guilherme Rabelo
2023-12-08 13:22:04,747 - root - INFO - Iniciando emissao da nota de Guilherme Rabelo
2023-12-08 13:23:18,856 - root - INFO - Finalizando emissao da nota de Guilherme Rabelo
2023-12-08 13:23:18,856 - root - INFO - Iniciando lancamento de Guilherme Rabelo
2023-12-08 13:24:52,221 - root - INFO - Finalizando lancamento de Guilherme Rabelo
2023-12-08 13:24:52,221 - root - INFO - Iniciando emissao da nota de Anderson Garcia
2023-12-08 13:26:06,536 - root - INFO - Finalizando emissao da nota de Anderson Garcia
2023-12-08 13:26:06,536 - root - INFO - Iniciando lancamento de Anderson Garcia
2023-12-08 13:27:38,296 - root - INFO - Finalizando lancamento de Anderson Garcia
2023-12-08 13:27:38,296 - root - INFO - Iniciando emissao da nota de Régio Lopes
2023-12-08 13:30:01,403 - root - INFO - Iniciando emissao da nota de Régio Lopes
2023-12-08 13:31:17,132 - root - INFO - Finalizando emissao da nota de Régio Lopes
2023-12-08 13:31:17,132 - root - INFO - Iniciando lancamento de Régio Lopes
2023-12-08 13:48:42,685 - root - INFO - Iniciando lancamento de Régio Lopes
2023-12-08 13:49:32,445 - root - INFO - Iniciando lancamento de Régio Lopes
2023-12-08 13:51:38,901 - root - INFO - Iniciando emissao da nota de Levy Santiago
2023-12-08 13:52:50,731 - root - INFO - Finalizando emissao da nota de Levy Santiago
2023-12-08 13:52:50,731 - root - INFO - Iniciando lancamento de Levy Santiago
2024-01-10 09:09:31,111 - root - INFO - Iniciando lancamento de Guilherme Rabelo
2024-01-10 09:11:25,615 - root - INFO - Iniciando lancamento de Guilherme Rabelo
2024-01-10 09:13:59,322 - root - INFO - Iniciando lancamento de Guilherme Rabelo
2024-01-10 09:14:39,157 - root - INFO - Iniciando lancamento de Guilherme Rabelo
2024-01-10 09:16:29,942 - root - INFO - Iniciando lancamento de Guilherme Rabelo
2024-01-10 09:17:51,453 - root - INFO - Iniciando lancamento de Guilherme Rabelo
2024-01-10 09:24:11,284 - root - INFO - Iniciando lancamento de Guilherme Rabelo
2024-01-10 09:25:02,685 - root - INFO - Iniciando lancamento de Guilherme Rabelo
2024-01-10 09:26:17,100 - root - INFO - Iniciando lancamento de Guilherme Rabelo
2024-01-10 09:32:44,419 - root - INFO - Iniciando lancamento de Guilherme Rabelo
2024-01-10 09:33:45,231 - root - INFO - Iniciando lancamento de Guilherme Rabelo
2024-01-10 09:35:37,232 - root - INFO - Iniciando lancamento de Guilherme Rabelo
2024-01-10 09:39:31,566 - root - INFO - Iniciando lancamento de Guilherme Rabelo
2024-01-10 09:39:48,400 - root - INFO - Iniciando lancamento de Guilherme Rabelo
2024-01-10 10:51:12,770 - root - INFO - Iniciando lancamento de Guilherme Rabelo
2024-01-10 10:52:42,528 - root - INFO - Iniciando lancamento de Guilherme Rabelo
2024-01-10 10:53:55,593 - root - INFO - Iniciando lancamento de Guilherme Rabelo
2024-01-10 10:54:51,245 - root - INFO - Iniciando lancamento de Guilherme Rabelo
2024-01-10 10:55:47,207 - root - INFO - Iniciando lancamento de Guilherme Rabelo
2024-01-10 10:58:34,117 - root - INFO - Iniciando lancamento de Guilherme Rabelo
2024-01-10 10:59:36,033 - root - INFO - Iniciando lancamento de Guilherme Rabelo
2024-01-10 11:00:31,652 - root - INFO - Iniciando lancamento de Guilherme Rabelo
2024-01-10 11:01:18,007 - root - INFO - Iniciando lancamento de Guilherme Rabelo
2024-01-10 11:03:00,348 - root - INFO - Iniciando lancamento de Guilherme Rabelo
2024-01-10 11:03:31,544 - root - INFO - Iniciando lancamento de Guilherme Rabelo
2024-01-10 11:05:23,348 - root - INFO - Iniciando lancamento de Guilherme Rabelo
2024-01-10 11:05:57,671 - root - INFO - Iniciando lancamento de Guilherme Rabelo
2024-01-10 11:39:08,170 - root - INFO - Iniciando emissao da nota de Guilherme Rabelo
2024-01-10 11:40:32,011 - root - INFO - Finalizando emissao da nota de Guilherme Rabelo
2024-01-10 11:40:32,012 - root - INFO - Iniciando lancamento de Guilherme Rabelo
2024-01-10 11:42:37,551 - root - INFO - Iniciando lancamento de Guilherme Rabelo
2024-01-10 11:47:33,006 - root - INFO - Iniciando lancamento de Guilherme Rabelo
2024-01-10 11:49:42,847 - root - INFO - Iniciando lancamento de Guilherme Rabelo
2024-01-10 11:51:36,017 - root - INFO - Iniciando emissao da nota de Anderson Garcia
2024-01-10 11:52:59,705 - root - INFO - Finalizando emissao da nota de Anderson Garcia
2024-01-10 11:52:59,705 - root - INFO - Iniciando lancamento de Anderson Garcia
2024-01-10 11:54:45,449 - root - INFO - Finalizando lancamento de Anderson Garcia
2024-01-10 11:54:45,450 - root - INFO - Fim da automacao
2024-02-07 16:19:59,337 - root - INFO - Iniciando emissao da nota de Guilherme Rabelo
2024-02-07 16:21:17,738 - root - INFO - Finalizando emissao da nota de Guilherme Rabelo
2024-02-07 16:21:17,738 - root - INFO - Iniciando lancamento de Guilherme Rabelo
2024-02-07 16:26:16,365 - root - INFO - Iniciando lancamento de Guilherme Rabelo
2024-02-07 16:28:04,828 - root - INFO - Finalizando lancamento de Guilherme Rabelo
2024-02-07 16:28:15,191 - root - INFO - Iniciando lancamento de Anderson Garcia
2024-02-07 16:29:55,566 - root - INFO - Iniciando emissao da nota de Anderson Garcia
2024-02-07 16:31:50,274 - root - INFO - Finalizando emissao da nota de Anderson Garcia
2024-02-07 16:31:50,275 - root - INFO - Iniciando lancamento de Anderson Garcia
2024-02-07 16:33:30,921 - root - INFO - Finalizando lancamento de Anderson Garcia
2024-02-07 16:33:36,059 - root - INFO - Iniciando emissao da nota de Régio Lopes
2024-02-07 16:34:51,547 - root - INFO - Finalizando emissao da nota de Régio Lopes
2024-02-07 16:34:51,548 - root - INFO - Iniciando lancamento de Régio Lopes
2024-02-07 16:36:33,617 - root - INFO - Finalizando lancamento de Régio Lopes
2024-02-07 16:36:38,750 - root - INFO - Fim da automacao
2024-03-14 13:10:31,251 - root - INFO - Iniciando emissao da nota de Guilherme Rabelo
2024-03-14 13:11:49,654 - root - INFO - Finalizando emissao da nota de Guilherme Rabelo
2024-03-14 13:11:49,655 - root - INFO - Iniciando lancamento de Guilherme Rabelo
2024-03-14 13:13:33,113 - root - INFO - Finalizando lancamento de Guilherme Rabelo
2024-03-14 13:13:40,313 - root - INFO - Iniciando emissao da nota de Anderson Garcia
2024-03-14 13:14:55,003 - root - INFO - Finalizando emissao da nota de Anderson Garcia
2024-03-14 13:14:55,004 - root - INFO - Iniciando lancamento de Anderson Garcia
2024-03-14 13:16:36,570 - root - INFO - Finalizando lancamento de Anderson Garcia
2024-03-14 13:16:42,976 - root - INFO - Iniciando emissao da nota de Régio Lopes
2024-03-14 13:17:58,849 - root - INFO - Finalizando emissao da nota de Régio Lopes
2024-03-14 13:17:58,850 - root - INFO - Iniciando lancamento de Régio Lopes
2024-03-14 13:19:40,816 - root - INFO - Finalizando lancamento de Régio Lopes
2024-03-14 13:19:47,170 - root - INFO - Fim da automacao
2024-04-02 10:10:14,956 - root - INFO - Iniciando emissao da nota de Guilherme Rabelo
2024-04-02 10:11:55,273 - root - INFO - Iniciando emissao da nota de Guilherme Rabelo
2024-04-02 10:45:17,124 - root - INFO - Iniciando emissao da nota de Guilherme Rabelo
2024-04-02 10:47:19,014 - root - INFO - Iniciando emissao da nota de Guilherme Rabelo
2024-04-02 11:10:40,662 - root - INFO - Iniciando emissao da nota de Guilherme Rabelo
2024-04-02 11:11:50,146 - root - INFO - Iniciando emissao da nota de Guilherme Rabelo
2024-04-02 11:13:14,249 - root - INFO - Iniciando emissao da nota de Guilherme Rabelo
2024-04-02 11:17:09,013 - root - INFO - Iniciando emissao da nota de Guilherme Rabelo
2024-04-02 11:18:56,389 - root - INFO - Iniciando emissao da nota de Guilherme Rabelo
2024-04-02 11:20:29,575 - root - INFO - Finalizando emissao da nota de Guilherme Rabelo
2024-04-02 11:20:29,576 - root - INFO - Iniciando lancamento de Guilherme Rabelo
2024-04-02 11:22:16,984 - root - INFO - Finalizando lancamento de Guilherme Rabelo
2024-04-02 11:22:25,567 - root - INFO - Iniciando emissao da nota de Anderson Garcia
2024-04-02 11:23:55,630 - root - INFO - Finalizando emissao da nota de Anderson Garcia
2024-04-02 11:23:55,631 - root - INFO - Iniciando lancamento de Anderson Garcia
2024-04-02 11:25:40,138 - root - INFO - Finalizando lancamento de Anderson Garcia
2024-04-02 11:25:47,336 - root - INFO - Iniciando emissao da nota de Regio Lopes
2024-04-02 11:27:19,150 - root - INFO - Finalizando emissao da nota de Regio Lopes
2024-04-02 11:27:19,150 - root - INFO - Iniciando lancamento de Regio Lopes
2024-04-02 11:29:04,170 - root - INFO - Finalizando lancamento de Regio Lopes
2024-04-02 11:29:11,626 - root - INFO - Fim da automacao
2024-05-10 08:08:53,424 - root - INFO - Iniciando emissao da nota de Guilherme Rabelo
2024-05-10 08:10:02,776 - root - INFO - Iniciando emissao da nota de Guilherme Rabelo
2024-05-10 08:11:43,999 - root - INFO - Iniciando emissao da nota de Guilherme Rabelo
2024-05-10 08:12:47,656 - root - INFO - Iniciando emissao da nota de Guilherme Rabelo
2024-05-10 08:14:24,713 - root - INFO - Iniciando emissao da nota de Guilherme Rabelo
2024-05-10 08:16:35,604 - root - INFO - Iniciando emissao da nota de Guilherme Rabelo
2024-05-10 08:20:45,982 - root - INFO - Iniciando emissao da nota de Guilherme Rabelo
2024-05-10 08:21:31,450 - root - INFO - Iniciando emissao da nota de Guilherme Rabelo
2024-05-10 08:22:45,045 - root - INFO - Iniciando emissao da nota de Guilherme Rabelo
2024-05-10 08:25:51,992 - root - INFO - Iniciando emissao da nota de Guilherme Rabelo
2024-05-10 08:26:31,999 - root - INFO - Iniciando emissao da nota de Guilherme Rabelo
2024-05-10 08:28:33,712 - root - INFO - Iniciando emissao da nota de Guilherme Rabelo
2024-05-10 08:29:44,853 - root - INFO - Iniciando emissao da nota de Guilherme Rabelo
2024-05-10 08:32:42,579 - root - INFO - Iniciando emissao da nota de Guilherme Rabelo
2024-05-10 08:39:20,378 - root - INFO - Iniciando emissao da nota de Guilherme Rabelo
2024-05-10 08:40:19,337 - root - INFO - Iniciando emissao da nota de Guilherme Rabelo
2024-05-10 08:42:51,006 - root - INFO - Iniciando emissao da nota de Guilherme Rabelo
2024-05-10 08:47:05,396 - root - INFO - Iniciando emissao da nota de Guilherme Rabelo
2024-05-10 08:50:33,784 - root - INFO - Iniciando emissao da nota de Guilherme Rabelo
2024-05-10 08:53:23,066 - root - INFO - Iniciando emissao da nota de Guilherme Rabelo
2024-05-10 08:54:15,986 - root - INFO - Iniciando emissao da nota de Guilherme Rabelo
2024-05-10 08:54:44,185 - root - INFO - Iniciando emissao da nota de Guilherme Rabelo
2024-05-10 08:56:55,177 - root - INFO - Iniciando emissao da nota de Guilherme Rabelo
2024-05-10 09:54:31,394 - root - INFO - Iniciando emissao da nota de Guilherme Rabelo
2024-05-10 09:56:22,307 - root - INFO - Finalizando emissao da nota de Guilherme Rabelo
2024-05-10 09:56:22,307 - root - INFO - Iniciando lancamento de Guilherme Rabelo
2024-05-10 10:16:58,969 - root - INFO - Iniciando lancamento de Guilherme Rabelo
2024-05-10 10:17:07,327 - root - INFO - Iniciando lancamento de Guilherme Rabelo
2024-05-10 10:37:03,957 - root - INFO - Iniciando lancamento de Guilherme Rabelo
2024-05-10 10:38:10,457 - root - INFO - Iniciando lancamento de Guilherme Rabelo
2024-05-10 10:39:57,082 - root - INFO - Finalizando lancamento de Guilherme Rabelo
2024-05-10 10:40:05,211 - root - INFO - Iniciando lancamento de Anderson Garcia
2024-05-10 10:40:34,375 - root - INFO - Iniciando emissao da nota de Anderson Garcia
2024-05-10 10:41:14,790 - root - INFO - Iniciando emissao da nota de Anderson Garcia
2024-05-10 10:41:57,308 - root - INFO - Iniciando emissao da nota de Anderson Garcia
2024-05-10 10:42:26,057 - root - INFO - Iniciando emissao da nota de Anderson Garcia
2024-05-10 10:43:35,746 - root - INFO - Iniciando emissao da nota de Anderson Garcia
2024-05-10 10:46:44,922 - root - INFO - Iniciando emissao da nota de Anderson Garcia
2024-05-10 10:47:23,642 - root - INFO - Iniciando emissao da nota de Anderson Garcia
2024-05-10 10:49:19,066 - root - INFO - Finalizando emissao da nota de Anderson Garcia
2024-05-10 10:49:19,066 - root - INFO - Iniciando lancamento de Anderson Garcia
2024-05-10 10:51:31,391 - root - INFO - Iniciando lancamento de Anderson Garcia
2024-05-10 10:52:25,400 - root - INFO - Iniciando lancamento de Anderson Garcia
2024-05-10 10:54:11,731 - root - INFO - Iniciando lancamento de Anderson Garcia
2024-05-10 10:55:16,191 - root - INFO - Iniciando lancamento de Anderson Garcia
2024-05-10 10:56:08,824 - root - INFO - Iniciando lancamento de Anderson Garcia
2024-05-10 10:56:36,365 - root - INFO - Iniciando lancamento de Anderson Garcia
2024-05-10 10:57:31,978 - root - INFO - Iniciando lancamento de Anderson Garcia
2024-05-10 10:58:36,457 - root - INFO - Iniciando lancamento de Anderson Garcia
2024-05-10 11:06:43,229 - root - INFO - Iniciando lancamento de Anderson Garcia
2024-05-10 11:06:55,716 - root - INFO - Iniciando lancamento de Anderson Garcia
2024-05-10 11:09:58,878 - root - INFO - Iniciando lancamento de Anderson Garcia
2024-05-10 11:11:54,198 - root - INFO - Iniciando lancamento de Anderson Garcia
2024-05-10 11:13:34,379 - root - INFO - Iniciando lancamento de Anderson Garcia
2024-05-10 11:16:07,789 - root - INFO - Finalizando lancamento de Anderson Garcia
2024-05-10 11:16:15,136 - root - INFO - Iniciando lancamento de Regio Lopes
2024-05-10 11:17:13,686 - root - INFO - Iniciando emissao da nota de Regio Lopes
2024-05-10 11:19:00,423 - root - INFO - Finalizando emissao da nota de Regio Lopes
2024-05-10 11:19:00,423 - root - INFO - Iniciando lancamento de Regio Lopes
2024-05-10 11:21:00,437 - root - INFO - Finalizando lancamento de Regio Lopes
2024-05-10 11:21:07,195 - root - INFO - Iniciando emissao da nota de Levy Santiago
2024-05-10 11:23:29,693 - root - INFO - Iniciando emissao da nota de Levy Santiago
2024-05-10 11:29:32,303 - root - INFO - Iniciando emissao da nota de Levy Santiago
2024-05-10 11:31:33,035 - root - INFO - Finalizando emissao da nota de Levy Santiago
2024-05-10 11:31:33,035 - root - INFO - Iniciando lancamento de Levy Santiago
2024-05-10 11:33:34,084 - root - INFO - Finalizando lancamento de Levy Santiago
2024-05-10 11:33:41,052 - root - INFO - Fim da automacao
2024-06-12 11:42:04,349 - root - INFO - Iniciando emissao da nota de Guilherme Rabelo
2024-06-12 11:48:11,213 - root - INFO - Iniciando emissao da nota de Guilherme Rabelo
2024-06-12 11:49:58,486 - root - INFO - Finalizando emissao da nota de Guilherme Rabelo
2024-06-12 11:49:58,486 - root - INFO - Iniciando lancamento de Guilherme Rabelo
2024-06-12 11:51:52,574 - root - INFO - Finalizando lancamento de Guilherme Rabelo
2024-06-12 11:52:05,363 - root - INFO - Fim da automacao
2024-06-12 11:53:58,906 - root - INFO - Iniciando emissao da nota de Anderson Garcia
2024-06-12 11:55:45,002 - root - INFO - Finalizando emissao da nota de Anderson Garcia
2024-06-12 11:55:45,002 - root - INFO - Iniciando lancamento de Anderson Garcia
2024-06-12 13:01:33,892 - root - INFO - Iniciando lancamento de Anderson Garcia
2024-06-12 13:01:55,462 - root - INFO - Iniciando lancamento de Anderson Garcia
2024-06-12 13:02:33,258 - root - INFO - Iniciando lancamento de Anderson Garcia
2024-06-12 13:04:25,710 - root - INFO - Finalizando lancamento de Anderson Garcia
2024-06-12 13:04:32,933 - root - INFO - Iniciando lancamento de Regio Lopes
2024-06-12 13:05:05,752 - root - INFO - Iniciando lancamento de Regio Lopes
2024-06-12 13:06:18,370 - root - INFO - Iniciando emissao da nota de Regio Lopes
2024-06-12 13:08:04,834 - root - INFO - Finalizando emissao da nota de Regio Lopes
2024-06-12 13:08:04,834 - root - INFO - Iniciando lancamento de Regio Lopes
2024-06-12 13:09:58,532 - root - INFO - Finalizando lancamento de Regio Lopes
2024-06-12 13:10:04,319 - root - INFO - Fim da automacao
2024-06-12 13:11:50,268 - root - INFO - Iniciando emissao da nota de Levy Santiago
2024-06-12 13:12:13,535 - root - INFO - Iniciando emissao da nota de Levy Santiago
2024-06-12 13:21:17,779 - root - INFO - Iniciando emissao da nota de Levy Santiago
2024-06-12 13:22:23,711 - root - INFO - Iniciando emissao da nota de Levy Santiago
2024-06-12 13:24:23,527 - root - INFO - Iniciando emissao da nota de Levy Santiago
2024-06-12 13:26:15,469 - root - INFO - Finalizando emissao da nota de Levy Santiago
2024-06-12 13:26:15,469 - root - INFO - Iniciando lancamento de Levy Santiago
2024-06-12 13:28:11,825 - root - INFO - Finalizando lancamento de Levy Santiago
2024-06-12 13:28:20,142 - root - INFO - Fim da automacao
2024-07-15 16:30:53,401 - root - INFO - Iniciando emissao da nota de Guilherme Rabelo
2024-07-15 16:31:04,773 - root - INFO - Iniciando emissao da nota de Guilherme Rabelo
2024-07-15 16:32:17,389 - root - INFO - Iniciando emissao da nota de Guilherme Rabelo
2024-07-15 16:34:44,201 - root - INFO - Finalizando emissao da nota de Guilherme Rabelo
2024-07-15 16:34:44,201 - root - INFO - Iniciando lancamento de Guilherme Rabelo
2024-07-15 16:36:38,849 - root - INFO - Finalizando lancamento de Guilherme Rabelo
2024-07-15 16:36:48,694 - root - INFO - Iniciando emissao da nota de Anderson Garcia
2024-07-15 16:38:38,181 - root - INFO - Finalizando emissao da nota de Anderson Garcia
2024-07-15 16:38:38,181 - root - INFO - Iniciando lancamento de Anderson Garcia
2024-07-15 16:40:32,215 - root - INFO - Finalizando lancamento de Anderson Garcia
2024-07-15 16:40:39,264 - root - INFO - Iniciando emissao da nota de Regio Lopes
2024-07-15 16:45:08,118 - root - INFO - Finalizando emissao da nota de Regio Lopes
2024-07-15 16:45:08,118 - root - INFO - Iniciando lancamento de Regio Lopes
2024-07-15 16:47:00,737 - root - INFO - Finalizando lancamento de Regio Lopes
2024-07-15 16:47:07,850 - root - INFO - Iniciando emissao da nota de Levy Santiago
2024-07-15 16:48:58,220 - root - INFO - Finalizando emissao da nota de Levy Santiago
2024-07-15 16:48:58,220 - root - INFO - Iniciando lancamento de Levy Santiago
2024-07-15 16:50:52,518 - root - INFO - Finalizando lancamento de Levy Santiago
2024-07-15 16:50:59,366 - root - INFO - Fim da automacao
2024-08-07 08:44:28,122 - root - INFO - Iniciando emissao da nota de Guilherme Rabelo
2024-08-07 09:02:13,667 - root - INFO - Iniciando lancamento de Guilherme Rabelo
2024-08-07 09:03:25,479 - root - INFO - Iniciando lancamento de Guilherme Rabelo
2024-08-07 09:06:09,308 - root - INFO - Iniciando lancamento de Guilherme Rabelo
2024-08-07 09:08:15,319 - root - INFO - Iniciando lancamento de Guilherme Rabelo
2024-08-07 09:10:03,653 - root - INFO - Iniciando lancamento de Guilherme Rabelo
2024-08-07 09:11:56,892 - root - INFO - Iniciando lancamento de Guilherme Rabelo
2024-08-07 09:13:23,000 - root - INFO - Iniciando lancamento de Guilherme Rabelo
2024-08-07 09:15:00,421 - root - INFO - Finalizando lancamento de Guilherme Rabelo
2024-08-07 09:19:46,411 - root - INFO - Iniciando lancamento de Anderson Garcia
2024-08-07 09:20:20,819 - root - INFO - Iniciando emissao da nota de Anderson Garcia
2024-08-07 09:22:15,693 - root - INFO - Finalizando emissao da nota de Anderson Garcia
2024-08-07 09:22:15,693 - root - INFO - Iniciando lancamento de Anderson Garcia
2024-08-07 09:23:50,260 - root - INFO - Finalizando lancamento de Anderson Garcia
2024-08-07 09:23:57,633 - root - INFO - Fim da automacao
2024-08-07 10:06:26,237 - root - INFO - Iniciando emissao da nota de Regio Lopes
2024-08-07 10:08:27,565 - root - INFO - Finalizando emissao da nota de Regio Lopes
2024-08-07 10:08:27,566 - root - INFO - Iniciando lancamento de Regio Lopes
2024-08-07 10:10:02,793 - root - INFO - Finalizando lancamento de Regio Lopes
2024-08-07 10:10:08,408 - root - INFO - Iniciando emissao da nota de Levy Santiago
2024-08-07 10:12:10,995 - root - INFO - Finalizando emissao da nota de Levy Santiago
2024-08-07 10:12:10,995 - root - INFO - Iniciando lancamento de Levy Santiago
2024-08-07 10:13:45,395 - root - INFO - Finalizando lancamento de Levy Santiago
2024-08-07 10:13:50,595 - root - INFO - Fim da automacao
2024-09-06 16:14:44,275 - root - INFO - Iniciando emissao da nota de Guilherme Rabelo
2024-09-06 16:16:54,565 - root - INFO - Finalizando emissao da nota de Guilherme Rabelo
2024-09-06 16:16:54,566 - root - INFO - Iniciando lancamento de Guilherme Rabelo
2024-09-06 16:18:39,977 - root - INFO - Finalizando lancamento de Guilherme Rabelo
2024-09-06 16:18:50,917 - root - INFO - Iniciando emissao da nota de Anderson Garcia
2024-09-06 16:20:51,458 - root - INFO - Finalizando emissao da nota de Anderson Garcia
2024-09-06 16:20:51,459 - root - INFO - Iniciando lancamento de Anderson Garcia
2024-09-06 16:22:30,920 - root - INFO - Finalizando lancamento de Anderson Garcia
2024-09-06 16:22:38,544 - root - INFO - Iniciando emissao da nota de Regio Lopes
2024-09-06 16:24:37,652 - root - INFO - Finalizando emissao da nota de Regio Lopes
2024-09-06 16:24:37,668 - root - INFO - Iniciando lancamento de Regio Lopes
2024-09-06 16:26:18,541 - root - INFO - Finalizando lancamento de Regio Lopes
2024-09-06 16:36:33,660 - root - INFO - Iniciando emissao da nota de Levy Santiago
2024-09-06 16:38:57,586 - root - INFO - Finalizando emissao da nota de Levy Santiago
2024-09-06 16:38:57,616 - root - INFO - Iniciando lancamento de Levy Santiago
2024-09-06 16:40:51,704 - root - INFO - Finalizando lancamento de Levy Santiago
2024-09-06 16:40:59,225 - root - INFO - Fim da automacao
2024-10-04 08:20:29,675 - root - INFO - Iniciando emissao da nota de Guilherme Rabelo
2024-10-04 08:21:14,579 - root - INFO - Iniciando emissao da nota de Guilherme Rabelo
2024-10-04 08:23:15,793 - root - INFO - Finalizando emissao da nota de Guilherme Rabelo
2024-10-04 08:23:15,793 - root - INFO - Iniciando lancamento de Guilherme Rabelo
2024-10-04 08:24:47,966 - root - INFO - Finalizando lancamento de Guilherme Rabelo
2024-10-04 08:24:57,618 - root - INFO - Iniciando emissao da nota de Anderson Garcia
2024-10-04 08:26:56,244 - root - INFO - Finalizando emissao da nota de Anderson Garcia
2024-10-04 08:26:56,244 - root - INFO - Iniciando lancamento de Anderson Garcia
2024-10-04 08:28:27,297 - root - INFO - Finalizando lancamento de Anderson Garcia
2024-10-04 08:35:40,237 - root - INFO - Iniciando emissao da nota de Regio Lopes
2024-10-04 08:37:40,065 - root - INFO - Finalizando emissao da nota de Regio Lopes
2024-10-04 08:37:40,065 - root - INFO - Iniciando lancamento de Regio Lopes
2024-10-04 08:39:14,103 - root - INFO - Finalizando lancamento de Regio Lopes
2024-10-04 08:39:19,492 - root - INFO - Iniciando emissao da nota de Levy Santiago
2024-10-04 08:41:25,168 - root - INFO - Finalizando emissao da nota de Levy Santiago
2024-10-04 08:41:25,168 - root - INFO - Iniciando lancamento de Levy Santiago
2024-10-04 08:42:56,920 - root - INFO - Finalizando lancamento de Levy Santiago
2024-10-04 08:43:02,070 - root - INFO - Fim da automacao

2024-11-05 07:52:15,802 - root - INFO - Iniciando emissao da nota de Guilherme Rabelo
2024-11-05 07:54:13,886 - root - INFO - Finalizando emissao da nota de Guilherme Rabelo
2024-11-05 07:54:13,886 - root - INFO - Iniciando lancamento de Guilherme Rabelo
2024-11-05 07:55:43,472 - root - INFO - Finalizando lancamento de Guilherme Rabelo
2024-11-05 07:55:50,797 - root - INFO - Iniciando emissao da nota de Anderson Garcia
2024-11-05 07:57:48,533 - root - INFO - Finalizando emissao da nota de Anderson Garcia
2024-11-05 07:57:48,536 - root - INFO - Iniciando lancamento de Anderson Garcia
2024-11-05 07:59:21,287 - root - INFO - Finalizando lancamento de Anderson Garcia
2024-11-05 07:59:27,404 - root - INFO - Iniciando emissao da nota de Regio Lopes
2024-11-05 08:01:30,141 - root - INFO - Finalizando emissao da nota de Regio Lopes
2024-11-05 08:01:30,141 - root - INFO - Iniciando lancamento de Regio Lopes
2024-11-05 08:03:03,532 - root - INFO - Finalizando lancamento de Regio Lopes
2024-11-05 08:03:08,590 - root - INFO - Iniciando emissao da nota de Levy Santiago
2024-11-05 08:05:09,479 - root - INFO - Finalizando emissao da nota de Levy Santiago
2024-11-05 08:05:09,479 - root - INFO - Iniciando lancamento de Levy Santiago
2024-11-05 08:06:41,459 - root - INFO - Finalizando lancamento de Levy Santiago
2024-11-05 08:06:46,516 - root - INFO - Fim da automacao

2024-12-05 11:29:38,604 - root - INFO - Iniciando emissao da nota de Guilherme Rabelo
2024-12-05 11:31:36,667 - root - INFO - Finalizando emissao da nota de Guilherme Rabelo
2024-12-05 11:31:36,667 - root - INFO - Iniciando lancamento de Guilherme Rabelo
2024-12-05 11:33:12,650 - root - INFO - Finalizando lancamento de Guilherme Rabelo
2024-12-05 11:33:21,226 - root - INFO - Iniciando emissao da nota de Anderson Garcia
2024-12-05 11:35:17,612 - root - INFO - Finalizando emissao da nota de Anderson Garcia
2024-12-05 11:35:17,612 - root - INFO - Iniciando lancamento de Anderson Garcia
2024-12-05 11:36:50,854 - root - INFO - Finalizando lancamento de Anderson Garcia
2024-12-05 11:36:58,818 - root - INFO - Iniciando emissao da nota de Regio Lopes
2024-12-05 11:38:56,309 - root - INFO - Finalizando emissao da nota de Regio Lopes
2024-12-05 11:38:56,309 - root - INFO - Iniciando lancamento de Regio Lopes
2024-12-05 11:40:27,060 - root - INFO - Finalizando lancamento de Regio Lopes
2024-12-05 11:40:34,586 - root - INFO - Iniciando emissao da nota de Levy Santiago
2024-12-05 11:42:29,962 - root - INFO - Finalizando emissao da nota de Levy Santiago
2024-12-05 11:42:29,962 - root - INFO - Iniciando lancamento de Levy Santiago
2024-12-05 11:44:00,278 - root - INFO - Finalizando lancamento de Levy Santiago
2024-12-05 11:44:07,662 - root - INFO - Fim da automacao

2025-01-13 08:24:45,947 - root - INFO - Iniciando emissao da nota de Guilherme Rabelo
2025-01-13 08:26:37,671 - root - INFO - Iniciando emissao da nota de Guilherme Rabelo
2025-01-13 08:32:14,983 - root - INFO - Iniciando lancamento de Guilherme Rabelo
2025-01-13 08:36:17,742 - root - INFO - Iniciando lancamento de Guilherme Rabelo
2025-01-13 08:38:28,861 - root - INFO - Iniciando lancamento de Guilherme Rabelo
2025-01-13 08:39:52,099 - root - INFO - Iniciando lancamento de Guilherme Rabelo
2025-01-13 08:43:07,543 - root - INFO - Iniciando lancamento de Guilherme Rabelo
2025-01-13 08:45:30,586 - root - INFO - Iniciando lancamento de Guilherme Rabelo
2025-01-13 08:47:16,631 - root - INFO - Iniciando emissao da nota de Anderson Garcia
2025-01-13 08:55:48,320 - root - INFO - Iniciando lancamento de Anderson Garcia
2025-01-13 08:57:12,574 - root - INFO - Finalizando lancamento de Anderson Garcia
2025-01-13 08:57:18,420 - root - INFO - Fim da automacao

2025-01-13 08:57:52,255 - root - INFO - Iniciando emissao da nota de Regio Lopes
2025-01-13 09:02:12,643 - root - INFO - Iniciando lancamento de Regio Lopes
2025-01-13 09:03:39,384 - root - INFO - Finalizando lancamento de Regio Lopes
2025-01-13 09:03:45,451 - root - INFO - Fim da automacao

2025-01-13 09:04:18,754 - root - INFO - Iniciando emissao da nota de Levy Santiago
2025-01-13 09:07:50,495 - root - INFO - Iniciando emissao da nota de Levy Santiago
2025-01-13 09:11:03,517 - root - INFO - Iniciando emissao da nota de Levy Santiago
2025-01-13 09:11:59,363 - root - INFO - Iniciando emissao da nota de Levy Santiago
2025-01-13 09:13:41,357 - root - INFO - Iniciando emissao da nota de Levy Santiago
2025-01-13 09:14:56,073 - root - INFO - Iniciando emissao da nota de Levy Santiago
2025-01-13 09:15:23,527 - root - INFO - Iniciando emissao da nota de Levy Santiago
2025-01-13 09:17:24,060 - root - INFO - Iniciando emissao da nota de Levy Santiago
2025-01-13 09:19:09,255 - root - INFO - Finalizando emissao da nota de Levy Santiago
2025-01-13 09:19:09,255 - root - INFO - Iniciando lancamento de Levy Santiago
2025-01-13 09:20:31,154 - root - INFO - Finalizando lancamento de Levy Santiago
2025-01-13 09:20:36,700 - root - INFO - Fim da automacao

2025-02-03 09:42:39,376 - root - INFO - Iniciando emissao da nota de Guilherme Rabelo
2025-02-03 09:43:12,962 - root - INFO - Iniciando emissao da nota de Guilherme Rabelo
2025-02-03 09:44:58,589 - root - INFO - Finalizando emissao da nota de Guilherme Rabelo
2025-02-03 09:44:58,589 - root - INFO - Iniciando lancamento de Guilherme Rabelo
2025-02-03 09:46:20,061 - root - INFO - Finalizando lancamento de Guilherme Rabelo
2025-02-03 09:46:51,019 - root - INFO - Iniciando emissao da nota de Anderson Garcia
2025-02-03 09:48:38,854 - root - INFO - Finalizando emissao da nota de Anderson Garcia
2025-02-03 09:48:38,854 - root - INFO - Iniciando lancamento de Anderson Garcia
2025-02-03 09:50:02,107 - root - INFO - Finalizando lancamento de Anderson Garcia
2025-02-03 09:50:19,478 - root - INFO - Iniciando emissao da nota de Regio Lopes
2025-02-03 09:52:01,418 - root - INFO - Finalizando emissao da nota de Regio Lopes
2025-02-03 09:52:01,418 - root - INFO - Iniciando lancamento de Regio Lopes
2025-02-03 09:53:25,278 - root - INFO - Finalizando lancamento de Regio Lopes
2025-02-03 09:53:41,522 - root - INFO - Iniciando emissao da nota de Levy Santiago
2025-02-03 09:58:13,948 - root - INFO - Iniciando emissao da nota de Levy Santiago
2025-02-03 10:00:12,023 - root - INFO - Iniciando emissao da nota de Levy Santiago
2025-02-03 10:02:19,715 - root - INFO - Iniciando emissao da nota de Levy Santiago
2025-02-03 10:04:44,337 - root - INFO - Iniciando emissao da nota de Levy Santiago
2025-02-03 10:06:00,908 - root - INFO - Iniciando emissao da nota de Levy Santiago
2025-02-03 10:07:58,288 - root - INFO - Iniciando emissao da nota de Levy Santiago
2025-02-03 10:08:50,880 - root - INFO - Iniciando emissao da nota de Levy Santiago
2025-02-03 10:12:24,186 - root - INFO - Iniciando emissao da nota de Levy Santiago
2025-02-03 10:13:44,964 - root - INFO - Iniciando emissao da nota de Levy Santiago
2025-02-03 10:15:02,503 - root - INFO - Iniciando emissao da nota de Levy Santiago
2025-02-03 10:16:39,229 - root - INFO - Iniciando emissao da nota de Levy Santiago
2025-02-03 10:16:45,088 - root - INFO - Iniciando emissao da nota de Levy Santiago
2025-02-03 10:20:39,168 - root - INFO - Iniciando lancamento de Levy Santiago
2025-02-03 10:22:02,907 - root - INFO - Finalizando lancamento de Levy Santiago
2025-02-03 10:22:22,608 - root - INFO - Fim da automacao

2025-03-07 07:58:01,449 - root - INFO - Iniciando emissao da nota de Guilherme Rabelo
2025-03-07 08:00:20,074 - root - INFO - Iniciando emissao da nota de Guilherme Rabelo
2025-03-07 08:02:04,958 - root - INFO - Finalizando emissao da nota de Guilherme Rabelo
2025-03-07 08:02:04,959 - root - INFO - Iniciando lancamento de Guilherme Rabelo
2025-03-07 08:03:38,894 - root - INFO - Iniciando emissao da nota de Guilherme Rabelo
2025-03-07 08:03:38,894 - root - INFO - Finalizando emissao da nota de Guilherme Rabelo
2025-03-07 08:03:38,895 - root - INFO - Iniciando lancamento de Guilherme Rabelo
2025-03-07 08:05:03,296 - root - INFO - Finalizando lancamento de Guilherme Rabelo
2025-03-07 08:05:19,094 - root - INFO - Iniciando emissao da nota de Anderson Garcia
2025-03-07 08:05:19,095 - root - INFO - Finalizando emissao da nota de Anderson Garcia
2025-03-07 08:05:19,095 - root - INFO - Iniciando lancamento de Anderson Garcia
2025-03-07 08:05:57,158 - root - INFO - Iniciando emissao da nota de Anderson Garcia
2025-03-07 08:07:41,946 - root - INFO - Finalizando emissao da nota de Anderson Garcia
2025-03-07 08:07:41,946 - root - INFO - Iniciando lancamento de Anderson Garcia
2025-03-07 08:09:05,001 - root - INFO - Finalizando lancamento de Anderson Garcia
2025-03-07 08:09:21,620 - root - INFO - Iniciando emissao da nota de Regio Lopes
2025-03-07 08:11:08,060 - root - INFO - Finalizando emissao da nota de Regio Lopes
2025-03-07 08:11:08,060 - root - INFO - Iniciando lancamento de Regio Lopes
2025-03-07 08:12:34,449 - root - INFO - Finalizando lancamento de Regio Lopes
2025-03-07 08:14:05,729 - root - INFO - Iniciando emissao da nota de Levy Santiago
2025-03-07 08:32:49,964 - root - INFO - Iniciando emissao da nota de Levy Santiago
2025-03-07 08:32:49,965 - root - INFO - Finalizando emissao da nota de Levy Santiago
2025-03-07 08:32:49,965 - root - INFO - Iniciando lancamento de Levy Santiago
2025-03-07 08:43:36,591 - root - INFO - Iniciando emissao da nota de Levy Santiago
2025-03-07 08:43:36,591 - root - INFO - Finalizando emissao da nota de Levy Santiago
2025-03-07 08:43:36,591 - root - INFO - Iniciando lancamento de Levy Santiago
2025-03-07 08:45:03,476 - root - INFO - Finalizando lancamento de Levy Santiago
2025-03-07 08:45:46,839 - root - INFO - Fim da automacao

2025-04-07 10:01:36,376 - root - INFO - Iniciando emissao da nota de Guilherme Rabelo
2025-04-07 10:05:37,880 - root - INFO - Iniciando emissao da nota de Guilherme Rabelo
2025-04-07 10:07:30,825 - root - INFO - Finalizando emissao da nota de Guilherme Rabelo
2025-04-07 10:07:30,825 - root - INFO - Iniciando lancamento de Guilherme Rabelo
2025-04-07 10:28:56,918 - root - INFO - Iniciando emissao da nota de Guilherme Rabelo
2025-04-07 10:28:56,918 - root - INFO - Finalizando emissao da nota de Guilherme Rabelo
2025-04-07 10:28:56,918 - root - INFO - Iniciando lancamento de Guilherme Rabelo
2025-04-07 10:29:37,201 - root - INFO - Iniciando emissao da nota de Guilherme Rabelo
2025-04-07 10:29:37,201 - root - INFO - Finalizando emissao da nota de Guilherme Rabelo
2025-04-07 10:29:37,201 - root - INFO - Iniciando lancamento de Guilherme Rabelo
2025-04-07 10:30:54,994 - root - INFO - Iniciando emissao da nota de Guilherme Rabelo
2025-04-07 10:30:54,994 - root - INFO - Finalizando emissao da nota de Guilherme Rabelo
2025-04-07 10:30:54,994 - root - INFO - Iniciando lancamento de Guilherme Rabelo
2025-04-07 10:31:29,288 - root - INFO - Iniciando emissao da nota de Guilherme Rabelo
2025-04-07 10:31:29,288 - root - INFO - Finalizando emissao da nota de Guilherme Rabelo
2025-04-07 10:31:29,288 - root - INFO - Iniciando lancamento de Guilherme Rabelo
2025-04-07 10:32:31,173 - root - INFO - Iniciando emissao da nota de Guilherme Rabelo
2025-04-07 10:32:31,173 - root - INFO - Finalizando emissao da nota de Guilherme Rabelo
2025-04-07 10:32:31,173 - root - INFO - Iniciando lancamento de Guilherme Rabelo
2025-04-07 10:36:19,123 - root - INFO - Iniciando emissao da nota de Guilherme Rabelo
2025-04-07 10:36:19,124 - root - INFO - Finalizando emissao da nota de Guilherme Rabelo
2025-04-07 10:36:19,124 - root - INFO - Iniciando lancamento de Guilherme Rabelo
2025-04-07 10:37:13,843 - root - INFO - Iniciando emissao da nota de Guilherme Rabelo
2025-04-07 10:37:13,844 - root - INFO - Finalizando emissao da nota de Guilherme Rabelo
2025-04-07 10:37:13,844 - root - INFO - Iniciando lancamento de Guilherme Rabelo
2025-04-07 10:39:38,416 - root - INFO - Iniciando emissao da nota de Guilherme Rabelo
2025-04-07 10:39:38,417 - root - INFO - Finalizando emissao da nota de Guilherme Rabelo
2025-04-07 10:39:38,417 - root - INFO - Iniciando lancamento de Guilherme Rabelo
2025-04-07 10:40:11,305 - root - INFO - Iniciando emissao da nota de Guilherme Rabelo
2025-04-07 10:40:11,305 - root - INFO - Finalizando emissao da nota de Guilherme Rabelo
2025-04-07 10:40:11,305 - root - INFO - Iniciando lancamento de Guilherme Rabelo
2025-04-07 10:40:31,496 - root - INFO - Iniciando emissao da nota de Guilherme Rabelo
2025-04-07 10:40:31,496 - root - INFO - Finalizando emissao da nota de Guilherme Rabelo
2025-04-07 10:40:31,496 - root - INFO - Iniciando lancamento de Guilherme Rabelo
2025-04-07 10:40:57,686 - root - INFO - Iniciando emissao da nota de Guilherme Rabelo
2025-04-07 10:40:57,687 - root - INFO - Finalizando emissao da nota de Guilherme Rabelo
2025-04-07 10:40:57,687 - root - INFO - Iniciando lancamento de Guilherme Rabelo
2025-04-07 10:41:09,193 - root - INFO - Iniciando emissao da nota de Guilherme Rabelo
2025-04-07 10:41:09,193 - root - INFO - Finalizando emissao da nota de Guilherme Rabelo
2025-04-07 10:41:09,193 - root - INFO - Iniciando lancamento de Guilherme Rabelo
2025-04-07 10:41:34,683 - root - INFO - Iniciando emissao da nota de Guilherme Rabelo
2025-04-07 10:41:34,683 - root - INFO - Finalizando emissao da nota de Guilherme Rabelo
2025-04-07 10:41:34,683 - root - INFO - Iniciando lancamento de Guilherme Rabelo
2025-04-07 10:43:36,799 - root - INFO - Iniciando emissao da nota de Guilherme Rabelo
2025-04-07 10:43:36,799 - root - INFO - Finalizando emissao da nota de Guilherme Rabelo
2025-04-07 10:43:36,799 - root - INFO - Iniciando lancamento de Guilherme Rabelo
2025-04-07 10:47:31,578 - root - INFO - Iniciando emissao da nota de Guilherme Rabelo
2025-04-07 10:47:31,578 - root - INFO - Finalizando emissao da nota de Guilherme Rabelo
2025-04-07 10:47:31,578 - root - INFO - Iniciando lancamento de Guilherme Rabelo
2025-04-07 10:48:10,132 - root - INFO - Iniciando emissao da nota de Guilherme Rabelo
2025-04-07 10:48:10,132 - root - INFO - Finalizando emissao da nota de Guilherme Rabelo
2025-04-07 10:48:10,132 - root - INFO - Iniciando lancamento de Guilherme Rabelo
2025-04-07 10:50:33,257 - root - INFO - Iniciando emissao da nota de Guilherme Rabelo
2025-04-07 10:50:33,257 - root - INFO - Finalizando emissao da nota de Guilherme Rabelo
2025-04-07 10:50:33,257 - root - INFO - Iniciando lancamento de Guilherme Rabelo
2025-04-07 10:51:13,834 - root - INFO - Iniciando emissao da nota de Guilherme Rabelo
2025-04-07 10:51:13,834 - root - INFO - Finalizando emissao da nota de Guilherme Rabelo
2025-04-07 10:51:13,835 - root - INFO - Iniciando lancamento de Guilherme Rabelo
2025-04-07 10:52:20,208 - root - INFO - Iniciando emissao da nota de Guilherme Rabelo
2025-04-07 10:52:20,209 - root - INFO - Finalizando emissao da nota de Guilherme Rabelo
2025-04-07 10:52:20,210 - root - INFO - Iniciando lancamento de Guilherme Rabelo
2025-04-07 10:52:31,402 - root - INFO - Iniciando emissao da nota de Guilherme Rabelo
2025-04-07 10:52:31,402 - root - INFO - Finalizando emissao da nota de Guilherme Rabelo
2025-04-07 10:52:31,402 - root - INFO - Iniciando lancamento de Guilherme Rabelo
2025-04-07 10:52:47,212 - root - INFO - Iniciando emissao da nota de Guilherme Rabelo
2025-04-07 10:52:47,212 - root - INFO - Finalizando emissao da nota de Guilherme Rabelo
2025-04-07 10:52:47,212 - root - INFO - Iniciando lancamento de Guilherme Rabelo
2025-04-07 10:54:11,309 - root - INFO - Iniciando emissao da nota de Guilherme Rabelo
2025-04-07 10:54:11,309 - root - INFO - Finalizando emissao da nota de Guilherme Rabelo
2025-04-07 10:54:11,309 - root - INFO - Iniciando lancamento de Guilherme Rabelo
2025-04-07 10:55:47,457 - root - INFO - Iniciando emissao da nota de Guilherme Rabelo
2025-04-07 10:55:47,457 - root - INFO - Finalizando emissao da nota de Guilherme Rabelo
2025-04-07 10:55:47,457 - root - INFO - Iniciando lancamento de Guilherme Rabelo
2025-04-07 10:57:15,232 - root - INFO - Iniciando emissao da nota de Guilherme Rabelo
2025-04-07 10:57:15,232 - root - INFO - Finalizando emissao da nota de Guilherme Rabelo
2025-04-07 10:57:15,232 - root - INFO - Iniciando lancamento de Guilherme Rabelo
2025-04-07 10:58:57,935 - root - INFO - Iniciando emissao da nota de Guilherme Rabelo
2025-04-07 10:58:57,936 - root - INFO - Finalizando emissao da nota de Guilherme Rabelo
2025-04-07 10:58:57,936 - root - INFO - Iniciando lancamento de Guilherme Rabelo
2025-04-07 11:00:46,193 - root - INFO - Iniciando emissao da nota de Guilherme Rabelo
2025-04-07 11:00:46,193 - root - INFO - Finalizando emissao da nota de Guilherme Rabelo
2025-04-07 11:00:46,193 - root - INFO - Iniciando lancamento de Guilherme Rabelo
2025-04-07 11:02:34,455 - root - INFO - Iniciando emissao da nota de Guilherme Rabelo
2025-04-07 11:02:34,455 - root - INFO - Finalizando emissao da nota de Guilherme Rabelo
2025-04-07 11:02:34,455 - root - INFO - Iniciando lancamento de Guilherme Rabelo
2025-04-07 11:04:59,143 - root - INFO - Iniciando emissao da nota de Guilherme Rabelo
2025-04-07 11:04:59,143 - root - INFO - Finalizando emissao da nota de Guilherme Rabelo
2025-04-07 11:04:59,143 - root - INFO - Iniciando lancamento de Guilherme Rabelo
2025-04-07 11:06:46,710 - root - INFO - Iniciando emissao da nota de Guilherme Rabelo
2025-04-07 11:06:46,710 - root - INFO - Finalizando emissao da nota de Guilherme Rabelo
2025-04-07 11:06:46,710 - root - INFO - Iniciando lancamento de Guilherme Rabelo
2025-04-07 11:07:08,938 - root - INFO - Iniciando emissao da nota de Guilherme Rabelo
2025-04-07 11:07:08,938 - root - INFO - Finalizando emissao da nota de Guilherme Rabelo
2025-04-07 11:07:08,938 - root - INFO - Iniciando lancamento de Guilherme Rabelo
2025-04-07 11:09:52,450 - root - INFO - Iniciando emissao da nota de Guilherme Rabelo
2025-04-07 11:09:52,450 - root - INFO - Finalizando emissao da nota de Guilherme Rabelo
2025-04-07 11:09:52,450 - root - INFO - Iniciando lancamento de Guilherme Rabelo
2025-04-07 11:11:58,471 - root - INFO - Iniciando emissao da nota de Guilherme Rabelo
2025-04-07 11:11:58,472 - root - INFO - Finalizando emissao da nota de Guilherme Rabelo
2025-04-07 11:11:58,472 - root - INFO - Iniciando lancamento de Guilherme Rabelo
2025-04-07 11:12:06,608 - root - INFO - Iniciando emissao da nota de Guilherme Rabelo
2025-04-07 11:12:06,609 - root - INFO - Finalizando emissao da nota de Guilherme Rabelo
2025-04-07 11:12:06,609 - root - INFO - Iniciando lancamento de Guilherme Rabelo
2025-04-07 11:14:21,222 - root - INFO - Iniciando emissao da nota de Guilherme Rabelo
2025-04-07 11:14:21,222 - root - INFO - Finalizando emissao da nota de Guilherme Rabelo
2025-04-07 11:14:21,222 - root - INFO - Iniciando lancamento de Guilherme Rabelo
2025-04-07 11:16:06,006 - root - INFO - Finalizando lancamento de Guilherme Rabelo
2025-04-07 11:16:55,672 - root - INFO - Iniciando emissao da nota de Anderson Garcia
2025-04-07 11:18:00,857 - root - INFO - Iniciando emissao da nota de Anderson Garcia
2025-04-07 11:20:04,967 - root - INFO - Finalizando emissao da nota de Anderson Garcia
2025-04-07 11:20:04,967 - root - INFO - Iniciando lancamento de Anderson Garcia
2025-04-07 11:21:55,456 - root - INFO - Finalizando lancamento de Anderson Garcia
2025-04-07 11:22:16,447 - root - INFO - Iniciando emissao da nota de Regio Lopes
2025-04-07 11:24:16,660 - root - INFO - Finalizando emissao da nota de Regio Lopes
2025-04-07 11:24:16,661 - root - INFO - Iniciando lancamento de Regio Lopes
2025-04-07 11:26:03,757 - root - INFO - Finalizando lancamento de Regio Lopes
2025-04-07 11:26:20,614 - root - INFO - Iniciando emissao da nota de Levy Santiago
2025-04-07 11:28:31,727 - root - INFO - Finalizando emissao da nota de Levy Santiago
2025-04-07 11:28:31,727 - root - INFO - Iniciando lancamento de Levy Santiago
2025-04-07 11:30:18,242 - root - INFO - Finalizando lancamento de Levy Santiago
2025-04-07 11:30:31,911 - root - INFO - Fim da automacao

2025-05-07 10:47:45,080 - root - INFO - Iniciando emissao da nota de Guilherme Rabelo
2025-05-07 10:49:46,377 - root - INFO - Finalizando emissao da nota de Guilherme Rabelo
2025-05-07 10:49:46,377 - root - INFO - Iniciando lancamento de Guilherme Rabelo
2025-05-07 10:54:29,652 - root - INFO - Iniciando lancamento de Guilherme Rabelo
2025-05-07 10:55:25,862 - root - INFO - Iniciando lancamento de Guilherme Rabelo
2025-05-07 11:01:35,448 - root - INFO - Iniciando lancamento de Guilherme Rabelo
2025-05-07 11:02:36,250 - root - INFO - Iniciando lancamento de Guilherme Rabelo
2025-05-07 11:03:26,158 - root - INFO - Iniciando lancamento de Guilherme Rabelo
2025-05-07 11:05:09,853 - root - INFO - Finalizando lancamento de Guilherme Rabelo
2025-05-07 11:05:23,110 - root - INFO - Iniciando lancamento de Anderson Garcia
2025-05-07 11:06:09,618 - root - INFO - Iniciando emissao da nota de Guilherme Rabelo
2025-05-07 11:07:20,977 - root - INFO - Iniciando emissao da nota de Anderson Garcia
2025-05-07 11:09:17,290 - root - INFO - Finalizando emissao da nota de Anderson Garcia
2025-05-07 11:09:17,290 - root - INFO - Iniciando lancamento de Anderson Garcia
2025-05-07 11:11:01,290 - root - INFO - Finalizando lancamento de Anderson Garcia
2025-05-07 11:11:15,136 - root - INFO - Iniciando emissao da nota de Regio Lopes
2025-05-07 11:13:13,889 - root - INFO - Finalizando emissao da nota de Regio Lopes
2025-05-07 11:13:13,890 - root - INFO - Iniciando lancamento de Regio Lopes
2025-05-07 11:15:00,413 - root - INFO - Finalizando lancamento de Regio Lopes
2025-05-07 11:15:17,487 - root - INFO - Iniciando emissao da nota de Levy Santiago
2025-05-07 11:17:16,509 - root - INFO - Finalizando emissao da nota de Levy Santiago
2025-05-07 11:17:16,510 - root - INFO - Iniciando lancamento de Levy Santiago
2025-05-07 11:19:02,255 - root - INFO - Finalizando lancamento de Levy Santiago
2025-05-07 11:19:16,129 - root - INFO - Fim da automacao

2025-06-03 09:02:12,734 - root - INFO - Iniciando emissao da nota de Guilherme Rabelo
2025-06-03 09:03:49,007 - root - INFO - Iniciando emissao da nota de Guilherme Rabelo
2025-06-03 09:05:47,857 - root - INFO - Finalizando emissao da nota de Guilherme Rabelo
2025-06-03 09:05:47,857 - root - INFO - Iniciando lancamento de Guilherme Rabelo
2025-06-03 09:11:58,629 - root - INFO - Iniciando emissao da nota de Guilherme Rabelo
2025-06-03 09:11:58,630 - root - INFO - Finalizando emissao da nota de Guilherme Rabelo
2025-06-03 09:11:58,630 - root - INFO - Iniciando lancamento de Guilherme Rabelo
2025-06-03 09:13:58,841 - root - INFO - Finalizando lancamento de Guilherme Rabelo
2025-06-03 09:14:27,224 - root - INFO - Iniciando emissao da nota de Anderson Garcia
2025-06-03 09:14:27,224 - root - INFO - Finalizando emissao da nota de Anderson Garcia
2025-06-03 09:14:27,224 - root - INFO - Iniciando lancamento de Anderson Garcia
2025-06-03 09:15:11,496 - root - INFO - Iniciando emissao da nota de Anderson Garcia
2025-06-03 09:17:23,347 - root - INFO - Finalizando emissao da nota de Anderson Garcia
2025-06-03 09:17:23,347 - root - INFO - Iniciando lancamento de Anderson Garcia
2025-06-03 09:19:06,080 - root - INFO - Finalizando lancamento de Anderson Garcia
2025-06-03 09:19:20,288 - root - INFO - Iniciando emissao da nota de Regio Lopes
2025-06-03 09:21:17,576 - root - INFO - Finalizando emissao da nota de Regio Lopes
2025-06-03 09:21:17,577 - root - INFO - Iniciando lancamento de Regio Lopes
2025-06-03 09:23:00,968 - root - INFO - Finalizando lancamento de Regio Lopes
2025-06-03 09:23:53,369 - root - INFO - Iniciando emissao da nota de Levy Santiago
2025-06-03 09:25:50,339 - root - INFO - Finalizando emissao da nota de Levy Santiago
2025-06-03 09:25:50,339 - root - INFO - Iniciando lancamento de Levy Santiago
2025-06-03 09:27:36,061 - root - INFO - Finalizando lancamento de Levy Santiago
2025-06-03 09:27:49,851 - root - INFO - Fim da automacao

2025-07-07 09:46:51,746 - root - INFO - Iniciando emissao da nota de Guilherme Rabelo
2025-07-07 09:48:59,912 - root - INFO - Finalizando emissao da nota de Guilherme Rabelo
2025-07-07 09:48:59,913 - root - INFO - Iniciando lancamento de Guilherme Rabelo
2025-07-07 09:53:26,011 - root - INFO - Iniciando emissao da nota de Guilherme Rabelo
2025-07-07 09:53:26,011 - root - INFO - Finalizando emissao da nota de Guilherme Rabelo
2025-07-07 09:53:26,011 - root - INFO - Iniciando lancamento de Guilherme Rabelo
2025-07-07 09:55:03,966 - root - INFO - Iniciando emissao da nota de Guilherme Rabelo
2025-07-07 09:55:03,966 - root - INFO - Finalizando emissao da nota de Guilherme Rabelo
2025-07-07 09:55:03,966 - root - INFO - Iniciando lancamento de Guilherme Rabelo
2025-07-07 09:56:22,061 - root - INFO - Iniciando emissao da nota de Guilherme Rabelo
2025-07-07 09:56:22,061 - root - INFO - Finalizando emissao da nota de Guilherme Rabelo
2025-07-07 09:56:22,062 - root - INFO - Iniciando lancamento de Guilherme Rabelo
2025-07-07 09:57:33,514 - root - INFO - Iniciando emissao da nota de Guilherme Rabelo
2025-07-07 09:57:33,514 - root - INFO - Finalizando emissao da nota de Guilherme Rabelo
2025-07-07 09:57:33,514 - root - INFO - Iniciando lancamento de Guilherme Rabelo
2025-07-07 09:59:14,944 - root - INFO - Iniciando emissao da nota de Guilherme Rabelo
2025-07-07 09:59:14,944 - root - INFO - Finalizando emissao da nota de Guilherme Rabelo
2025-07-07 09:59:14,944 - root - INFO - Iniciando lancamento de Guilherme Rabelo
2025-07-07 10:00:20,628 - root - INFO - Iniciando emissao da nota de Guilherme Rabelo
2025-07-07 10:00:20,628 - root - INFO - Finalizando emissao da nota de Guilherme Rabelo
2025-07-07 10:00:20,629 - root - INFO - Iniciando lancamento de Guilherme Rabelo
2025-07-07 10:00:41,700 - root - INFO - Iniciando emissao da nota de Guilherme Rabelo
2025-07-07 10:00:41,700 - root - INFO - Finalizando emissao da nota de Guilherme Rabelo
2025-07-07 10:00:41,700 - root - INFO - Iniciando lancamento de Guilherme Rabelo
2025-07-07 10:02:37,516 - root - INFO - Finalizando lancamento de Guilherme Rabelo
2025-07-07 10:02:46,877 - root - INFO - Iniciando emissao da nota de Levy Santiago
2025-07-07 10:02:46,877 - root - INFO - Finalizando emissao da nota de Levy Santiago
2025-07-07 10:02:46,877 - root - INFO - Iniciando lancamento de Levy Santiago
2025-07-07 10:05:06,836 - root - INFO - Iniciando emissao da nota de Levy Santiago
2025-07-07 10:07:15,314 - root - INFO - Finalizando emissao da nota de Levy Santiago
2025-07-07 10:07:15,314 - root - INFO - Iniciando lancamento de Levy Santiago
2025-07-07 10:09:13,901 - root - INFO - Finalizando lancamento de Levy Santiago
2025-07-07 10:09:19,279 - root - INFO - Fim da automacao

2025-08-01 08:23:35,306 - root - INFO - Iniciando emissao da nota de Guilherme Rabelo
2025-08-01 08:25:41,692 - root - INFO - Finalizando emissao da nota de Guilherme Rabelo
2025-08-01 08:25:41,692 - root - INFO - Iniciando lancamento de Guilherme Rabelo
2025-08-01 08:29:00,905 - root - INFO - Finalizando lancamento de Guilherme Rabelo
2025-08-01 08:29:06,193 - root - INFO - Iniciando emissao da nota de Levy Santiago
2025-08-01 08:31:09,020 - root - INFO - Finalizando emissao da nota de Levy Santiago
2025-08-01 08:31:09,020 - root - INFO - Iniciando lancamento de Levy Santiago
2025-08-01 08:41:48,747 - root - INFO - Iniciando emissao da nota de Levy Santiago
2025-08-01 08:41:48,747 - root - INFO - Finalizando emissao da nota de Levy Santiago
2025-08-01 08:41:48,747 - root - INFO - Iniciando lancamento de Levy Santiago
2025-08-01 08:43:36,269 - root - INFO - Finalizando lancamento de Levy Santiago
2025-08-01 08:43:41,426 - root - INFO - Fim da automacao

2025-09-03 11:15:24,373 - root - INFO - Iniciando emissao da nota de Guilherme Rabelo
2025-09-03 11:17:57,902 - root - INFO - Iniciando emissao da nota de Guilherme Rabelo
2025-09-03 11:19:58,039 - root - INFO - Finalizando emissao da nota de Guilherme Rabelo
2025-09-03 11:19:58,039 - root - INFO - Iniciando lancamento de Guilherme Rabelo
2025-09-03 11:22:42,900 - root - INFO - Finalizando lancamento de Guilherme Rabelo
2025-09-03 11:22:51,147 - root - INFO - Iniciando emissao da nota de Levy Santiago
2025-09-03 11:24:56,686 - root - INFO - Finalizando emissao da nota de Levy Santiago
2025-09-03 11:24:56,686 - root - INFO - Iniciando lancamento de Levy Santiago
2025-09-03 11:26:45,869 - root - INFO - Finalizando lancamento de Levy Santiago
2025-09-03 11:26:53,225 - root - INFO - Fim da automacao

2025-10-03 09:28:08,354 - root - INFO - Iniciando emissao da nota de Guilherme Rabelo
2025-10-03 09:28:08,354 - root - INFO - Finalizando emissao da nota de Guilherme Rabelo
2025-10-03 09:28:08,354 - root - INFO - Iniciando lancamento de Guilherme Rabelo
2025-10-03 09:37:54,823 - root - INFO - Iniciando emissao da nota de Guilherme Rabelo
2025-10-03 09:37:54,823 - root - INFO - Finalizando emissao da nota de Guilherme Rabelo
2025-10-03 09:37:54,823 - root - INFO - Iniciando lancamento de Guilherme Rabelo
2025-10-03 09:41:23,943 - root - INFO - Iniciando emissao da nota de Guilherme Rabelo
2025-10-03 09:41:23,943 - root - INFO - Finalizando emissao da nota de Guilherme Rabelo
2025-10-03 09:41:23,943 - root - INFO - Iniciando lancamento de Guilherme Rabelo
2025-10-03 09:42:06,422 - root - INFO - Iniciando emissao da nota de Guilherme Rabelo
2025-10-03 09:42:06,422 - root - INFO - Finalizando emissao da nota de Guilherme Rabelo
2025-10-03 09:42:06,422 - root - INFO - Iniciando lancamento de Guilherme Rabelo
2025-10-03 09:43:26,520 - root - INFO - Iniciando emissao da nota de Guilherme Rabelo
2025-10-03 09:44:16,082 - root - INFO - Iniciando emissao da nota de Guilherme Rabelo
2025-10-03 09:54:45,246 - root - INFO - Iniciando emissao da nota de Guilherme Rabelo
2025-10-03 09:55:13,040 - root - INFO - Iniciando emissao da nota de Guilherme Rabelo
2025-10-03 09:58:22,424 - root - INFO - Iniciando emissao da nota de Guilherme Rabelo
2025-10-03 09:59:10,151 - root - INFO - Iniciando emissao da nota de Guilherme Rabelo
2025-10-03 10:00:16,544 - root - INFO - Iniciando emissao da nota de Guilherme Rabelo
2025-10-03 10:02:29,573 - root - INFO - Iniciando emissao da nota de Guilherme Rabelo
2025-10-03 10:03:34,302 - root - INFO - Iniciando emissao da nota de Guilherme Rabelo
2025-10-03 10:06:17,203 - root - INFO - Iniciando emissao da nota de Guilherme Rabelo
2025-10-03 10:07:40,906 - root - INFO - Iniciando emissao da nota de Guilherme Rabelo
2025-10-03 10:08:52,879 - root - INFO - Iniciando emissao da nota de Guilherme Rabelo
2025-10-03 10:10:36,380 - root - INFO - Iniciando emissao da nota de Guilherme Rabelo
2025-10-03 10:11:58,248 - root - INFO - Iniciando emissao da nota de Guilherme Rabelo
2025-10-03 10:13:51,976 - root - INFO - Finalizando emissao da nota de Guilherme Rabelo
2025-10-03 10:13:51,976 - root - INFO - Iniciando lancamento de Guilherme Rabelo
2025-10-03 10:15:42,869 - root - INFO - Iniciando emissao da nota de Guilherme Rabelo
2025-10-03 10:15:42,869 - root - INFO - Finalizando emissao da nota de Guilherme Rabelo
2025-10-03 10:15:42,869 - root - INFO - Iniciando lancamento de Guilherme Rabelo
2025-10-03 10:17:01,698 - root - INFO - Iniciando emissao da nota de Guilherme Rabelo
2025-10-03 10:17:01,698 - root - INFO - Finalizando emissao da nota de Guilherme Rabelo
2025-10-03 10:17:01,698 - root - INFO - Iniciando lancamento de Guilherme Rabelo
2025-10-03 10:18:16,589 - root - INFO - Iniciando emissao da nota de Guilherme Rabelo
2025-10-03 10:18:16,589 - root - INFO - Finalizando emissao da nota de Guilherme Rabelo
2025-10-03 10:18:16,589 - root - INFO - Iniciando lancamento de Guilherme Rabelo
2025-10-03 10:20:53,030 - root - INFO - Iniciando emissao da nota de Guilherme Rabelo
2025-10-03 10:20:53,030 - root - INFO - Finalizando emissao da nota de Guilherme Rabelo
2025-10-03 10:20:53,030 - root - INFO - Iniciando lancamento de Guilherme Rabelo
2025-10-03 10:22:45,809 - root - INFO - Finalizando lancamento de Guilherme Rabelo
2025-10-03 10:22:54,157 - root - INFO - Iniciando emissao da nota de Levy Santiago
2025-10-03 10:22:54,157 - root - INFO - Finalizando emissao da nota de Levy Santiago
2025-10-03 10:22:54,157 - root - INFO - Iniciando lancamento de Levy Santiago
2025-10-03 10:24:19,432 - root - INFO - Iniciando emissao da nota de Levy Santiago
2025-10-03 10:25:04,949 - root - INFO - Iniciando emissao da nota de Levy Santiago
2025-10-03 10:26:40,516 - root - INFO - Iniciando emissao da nota de Levy Santiago
2025-10-03 10:29:50,134 - root - INFO - Iniciando emissao da nota de Levy Santiago
2025-10-03 10:31:49,238 - root - INFO - Finalizando emissao da nota de Levy Santiago
2025-10-03 10:31:49,238 - root - INFO - Iniciando lancamento de Levy Santiago
2025-10-03 10:33:44,895 - root - INFO - Finalizando lancamento de Levy Santiago
2025-10-03 10:33:50,108 - root - INFO - Fim da automacao

2025-11-03 09:49:07,183 - root - INFO - Iniciando emissao da nota de Guilherme Rabelo
2025-11-03 09:50:25,043 - root - INFO - Iniciando emissao da nota de Guilherme Rabelo
2025-11-03 09:52:59,006 - root - INFO - Iniciando emissao da nota de Guilherme Rabelo
2025-11-03 09:54:58,916 - root - INFO - Finalizando emissao da nota de Guilherme Rabelo
2025-11-03 09:54:58,916 - root - INFO - Iniciando lancamento de Guilherme Rabelo
2025-11-03 09:58:37,558 - root - INFO - Finalizando lancamento de Guilherme Rabelo
2025-11-03 09:58:46,484 - root - INFO - Iniciando emissao da nota de Levy Santiago
2025-11-03 10:02:10,704 - root - INFO - Iniciando emissao da nota de Levy Santiago
2025-11-03 10:02:40,340 - root - INFO - Iniciando emissao da nota de Levy Santiago
2025-11-03 10:04:07,554 - root - INFO - Iniciando emissao da nota de Levy Santiago
2025-11-03 10:06:19,619 - root - INFO - Finalizando emissao da nota de Levy Santiago
2025-11-03 10:06:19,619 - root - INFO - Iniciando lancamento de Levy Santiago
2025-11-03 10:08:17,667 - root - INFO - Finalizando lancamento de Levy Santiago
2025-11-03 10:08:25,870 - root - INFO - Fim da automacao

2025-12-04 09:03:37,245 - root - INFO - Iniciando emissao da nota de Guilherme Rabelo
2025-12-04 09:05:45,771 - root - INFO - Finalizando emissao da nota de Guilherme Rabelo
2025-12-04 09:05:45,771 - root - INFO - Iniciando lancamento de Guilherme Rabelo
2025-12-04 09:10:00,223 - root - INFO - Finalizando lancamento de Guilherme Rabelo
2025-12-04 09:10:09,214 - root - INFO - Iniciando emissao da nota de Levy Santiago
2025-12-04 09:12:18,249 - root - INFO - Finalizando emissao da nota de Levy Santiago
2025-12-04 09:12:18,249 - root - INFO - Iniciando lancamento de Levy Santiago
2025-12-04 09:17:05,291 - root - INFO - Iniciando emissao da nota de Levy Santiago
2025-12-04 09:17:05,291 - root - INFO - Finalizando emissao da nota de Levy Santiago
2025-12-04 09:17:05,291 - root - INFO - Iniciando lancamento de Levy Santiago
2025-12-04 09:18:56,430 - root - INFO - Finalizando lancamento de Levy Santiago
2025-12-04 09:19:04,156 - root - INFO - Fim da automacao

2025-12-04 09:19:36,341 - root - INFO - Iniciando emissao da nota de Vinícius Oliveira
2025-12-04 09:21:14,712 - root - INFO - Iniciando emissao da nota de Vinícius Oliveira
2025-12-04 09:21:43,562 - root - INFO - Iniciando emissao da nota de Vinícius Oliveira
2025-12-04 09:30:46,850 - root - INFO - Iniciando emissao da nota de Vinícius Oliveira
2025-12-04 09:31:29,856 - root - INFO - Iniciando emissao da nota de Vinícius Oliveira
2025-12-04 09:35:20,849 - root - INFO - Iniciando emissao da nota de Vinícius Oliveira
2025-12-04 09:35:20,850 - root - INFO - Finalizando emissao da nota de Vinícius Oliveira
2025-12-04 09:35:20,850 - root - INFO - Iniciando lancamento de Vinícius Oliveira
2025-12-04 09:35:44,834 - root - INFO - Iniciando emissao da nota de Vinícius Oliveira
2025-12-04 09:35:44,834 - root - INFO - Finalizando emissao da nota de Vinícius Oliveira
2025-12-04 09:35:44,834 - root - INFO - Iniciando lancamento de Vinícius Oliveira
2025-12-04 09:36:33,224 - root - INFO - Iniciando emissao da nota de Vinícius Oliveira
2025-12-04 09:36:33,225 - root - INFO - Finalizando emissao da nota de Vinícius Oliveira
2025-12-04 09:36:33,225 - root - INFO - Iniciando lancamento de Vinícius Oliveira
2025-12-04 09:38:31,041 - root - INFO - Finalizando lancamento de Vinícius Oliveira
2025-12-04 09:38:39,046 - root - INFO - Fim da automacao

